12/03/2020 20:39:46 BaseClass user id entered
12/03/2020 20:39:46 BaseClass password entered
12/03/2020 20:39:58 BaseClass Login buuton clicked
12/03/2020 20:40:34 BaseClass create customer information submitted
12/03/2020 20:40:37 freemarker.cache Couldn't find template in cache for "v3html/v3-html-index.ftl"("en", UTF-8, parsed); will try to load it.
12/03/2020 20:40:37 freemarker.cache TemplateLoader.findTemplateSource("v3html/v3-html-index_en.ftl"): Not found
12/03/2020 20:40:37 freemarker.cache TemplateLoader.findTemplateSource("v3html/v3-html-index.ftl"): Found
12/03/2020 20:40:37 freemarker.cache Loading template for "v3html/v3-html-index.ftl"("en", UTF-8, parsed) from "jar:file:/C:/Windows/system32/config/systemprofile/.m2/repository/com/aventstack/extentreports/4.0.9/extentreports-4.0.9.jar!/com/aventstack/extentreports/view/v3html/v3-html-index.ftl"
12/03/2020 20:40:38 freemarker.cache Couldn't find template in cache for "v3html/v3-html-head.ftl"("en", UTF-8, parsed); will try to load it.
12/03/2020 20:40:38 freemarker.cache TemplateLoader.findTemplateSource("v3html/v3-html-head_en.ftl"): Not found
12/03/2020 20:40:38 freemarker.cache TemplateLoader.findTemplateSource("v3html/v3-html-head.ftl"): Found
12/03/2020 20:40:38 freemarker.cache Loading template for "v3html/v3-html-head.ftl"("en", UTF-8, parsed) from "jar:file:/C:/Windows/system32/config/systemprofile/.m2/repository/com/aventstack/extentreports/4.0.9/extentreports-4.0.9.jar!/com/aventstack/extentreports/view/v3html/v3-html-head.ftl"
12/03/2020 20:40:38 freemarker.cache Couldn't find template in cache for "v3html/v3-html-nav.ftl"("en", UTF-8, parsed); will try to load it.
12/03/2020 20:40:38 freemarker.cache TemplateLoader.findTemplateSource("v3html/v3-html-nav_en.ftl"): Not found
12/03/2020 20:40:38 freemarker.cache TemplateLoader.findTemplateSource("v3html/v3-html-nav.ftl"): Found
12/03/2020 20:40:38 freemarker.cache Loading template for "v3html/v3-html-nav.ftl"("en", UTF-8, parsed) from "jar:file:/C:/Windows/system32/config/systemprofile/.m2/repository/com/aventstack/extentreports/4.0.9/extentreports-4.0.9.jar!/com/aventstack/extentreports/view/v3html/v3-html-nav.ftl"
12/03/2020 20:40:38 freemarker.cache Couldn't find template in cache for "v3html/test-view/v3-html-test-view.ftl"("en", UTF-8, parsed); will try to load it.
12/03/2020 20:40:38 freemarker.cache TemplateLoader.findTemplateSource("v3html/test-view/v3-html-test-view_en.ftl"): Not found
12/03/2020 20:40:38 freemarker.cache TemplateLoader.findTemplateSource("v3html/test-view/v3-html-test-view.ftl"): Found
12/03/2020 20:40:38 freemarker.cache Loading template for "v3html/test-view/v3-html-test-view.ftl"("en", UTF-8, parsed) from "jar:file:/C:/Windows/system32/config/systemprofile/.m2/repository/com/aventstack/extentreports/4.0.9/extentreports-4.0.9.jar!/com/aventstack/extentreports/view/v3html/test-view/v3-html-test-view.ftl"
12/03/2020 20:40:38 freemarker.cache Couldn't find template in cache for "v3html/test-view/v3-html-test-view-charts.ftl"("en", UTF-8, parsed); will try to load it.
12/03/2020 20:40:38 freemarker.cache TemplateLoader.findTemplateSource("v3html/test-view/v3-html-test-view-charts_en.ftl"): Not found
12/03/2020 20:40:38 freemarker.cache TemplateLoader.findTemplateSource("v3html/test-view/v3-html-test-view-charts.ftl"): Found
12/03/2020 20:40:38 freemarker.cache Loading template for "v3html/test-view/v3-html-test-view-charts.ftl"("en", UTF-8, parsed) from "jar:file:/C:/Windows/system32/config/systemprofile/.m2/repository/com/aventstack/extentreports/4.0.9/extentreports-4.0.9.jar!/com/aventstack/extentreports/view/v3html/test-view/v3-html-test-view-charts.ftl"
12/03/2020 20:40:38 freemarker.cache Couldn't find template in cache for "v3html/test-view/v3-html-standard.ftl"("en", UTF-8, parsed); will try to load it.
12/03/2020 20:40:38 freemarker.cache TemplateLoader.findTemplateSource("v3html/test-view/v3-html-standard_en.ftl"): Not found
12/03/2020 20:40:38 freemarker.cache TemplateLoader.findTemplateSource("v3html/test-view/v3-html-standard.ftl"): Found
12/03/2020 20:40:38 freemarker.cache Loading template for "v3html/test-view/v3-html-standard.ftl"("en", UTF-8, parsed) from "jar:file:/C:/Windows/system32/config/systemprofile/.m2/repository/com/aventstack/extentreports/4.0.9/extentreports-4.0.9.jar!/com/aventstack/extentreports/view/v3html/test-view/v3-html-standard.ftl"
12/03/2020 20:40:38 freemarker.cache Couldn't find template in cache for "v3html/category-view/v3-html-category-view.ftl"("en", UTF-8, parsed); will try to load it.
12/03/2020 20:40:38 freemarker.cache TemplateLoader.findTemplateSource("v3html/category-view/v3-html-category-view_en.ftl"): Not found
12/03/2020 20:40:38 freemarker.cache TemplateLoader.findTemplateSource("v3html/category-view/v3-html-category-view.ftl"): Found
12/03/2020 20:40:38 freemarker.cache Loading template for "v3html/category-view/v3-html-category-view.ftl"("en", UTF-8, parsed) from "jar:file:/C:/Windows/system32/config/systemprofile/.m2/repository/com/aventstack/extentreports/4.0.9/extentreports-4.0.9.jar!/com/aventstack/extentreports/view/v3html/category-view/v3-html-category-view.ftl"
12/03/2020 20:40:38 freemarker.cache Couldn't find template in cache for "v3html/exception-view/v3-html-exception-view.ftl"("en", UTF-8, parsed); will try to load it.
12/03/2020 20:40:38 freemarker.cache TemplateLoader.findTemplateSource("v3html/exception-view/v3-html-exception-view_en.ftl"): Not found
12/03/2020 20:40:38 freemarker.cache TemplateLoader.findTemplateSource("v3html/exception-view/v3-html-exception-view.ftl"): Found
12/03/2020 20:40:38 freemarker.cache Loading template for "v3html/exception-view/v3-html-exception-view.ftl"("en", UTF-8, parsed) from "jar:file:/C:/Windows/system32/config/systemprofile/.m2/repository/com/aventstack/extentreports/4.0.9/extentreports-4.0.9.jar!/com/aventstack/extentreports/view/v3html/exception-view/v3-html-exception-view.ftl"
12/03/2020 20:40:38 freemarker.cache Couldn't find template in cache for "v3html/author-view/v3-html-author-view.ftl"("en", UTF-8, parsed); will try to load it.
12/03/2020 20:40:38 freemarker.cache TemplateLoader.findTemplateSource("v3html/author-view/v3-html-author-view_en.ftl"): Not found
12/03/2020 20:40:38 freemarker.cache TemplateLoader.findTemplateSource("v3html/author-view/v3-html-author-view.ftl"): Found
12/03/2020 20:40:38 freemarker.cache Loading template for "v3html/author-view/v3-html-author-view.ftl"("en", UTF-8, parsed) from "jar:file:/C:/Windows/system32/config/systemprofile/.m2/repository/com/aventstack/extentreports/4.0.9/extentreports-4.0.9.jar!/com/aventstack/extentreports/view/v3html/author-view/v3-html-author-view.ftl"
12/03/2020 20:40:38 freemarker.cache Couldn't find template in cache for "v3html/dashboard-view/v3-html-dashboard-view.ftl"("en", UTF-8, parsed); will try to load it.
12/03/2020 20:40:38 freemarker.cache TemplateLoader.findTemplateSource("v3html/dashboard-view/v3-html-dashboard-view_en.ftl"): Not found
12/03/2020 20:40:38 freemarker.cache TemplateLoader.findTemplateSource("v3html/dashboard-view/v3-html-dashboard-view.ftl"): Found
12/03/2020 20:40:38 freemarker.cache Loading template for "v3html/dashboard-view/v3-html-dashboard-view.ftl"("en", UTF-8, parsed) from "jar:file:/C:/Windows/system32/config/systemprofile/.m2/repository/com/aventstack/extentreports/4.0.9/extentreports-4.0.9.jar!/com/aventstack/extentreports/view/v3html/dashboard-view/v3-html-dashboard-view.ftl"
12/03/2020 20:40:38 freemarker.cache Couldn't find template in cache for "v3html/logs-view/v3-html-testrunner-logs-view.ftl"("en", UTF-8, parsed); will try to load it.
12/03/2020 20:40:38 freemarker.cache TemplateLoader.findTemplateSource("v3html/logs-view/v3-html-testrunner-logs-view_en.ftl"): Not found
12/03/2020 20:40:38 freemarker.cache TemplateLoader.findTemplateSource("v3html/logs-view/v3-html-testrunner-logs-view.ftl"): Found
12/03/2020 20:40:38 freemarker.cache Loading template for "v3html/logs-view/v3-html-testrunner-logs-view.ftl"("en", UTF-8, parsed) from "jar:file:/C:/Windows/system32/config/systemprofile/.m2/repository/com/aventstack/extentreports/4.0.9/extentreports-4.0.9.jar!/com/aventstack/extentreports/view/v3html/logs-view/v3-html-testrunner-logs-view.ftl"
